[{"line":1,"elements":[{"start_timestamp":"2022-06-10T09:31:19.445Z","line":3,"name":"login with valid credentials","description":"","id":"test-ohrm-user-functionality;login-with-valid-credentials","type":"scenario","keyword":"Scenario","steps":[{"result":{"duration":9893726600,"status":"passed"},"line":4,"name":"user is on login page","match":{"location":"Admin.StepDefination.user_is_on_login_page()"},"keyword":"Given "},{"result":{"duration":113908300,"status":"passed"},"line":5,"name":"user enter username and password","match":{"location":"Admin.StepDefination.user_enter_username_and_password()"},"keyword":"When "},{"result":{"duration":7805785300,"status":"passed"},"line":6,"name":"user should be logged in successfully","match":{"location":"Admin.StepDefination.user_should_be_logged_in_successfully()"},"keyword":"And "},{"result":{"duration":41895100,"status":"passed"},"line":7,"name":"User check for the logo","match":{"location":"Admin.StepDefination.user_check_for_the_logo()"},"keyword":"When "},{"result":{"duration":29085500,"status":"passed"},"line":8,"name":"User can find welcome message at top left corner","match":{"location":"Admin.StepDefination.user_can_find_welcome_message_at_top_left_corner()"},"keyword":"Then "}]},{"start_timestamp":"2022-06-10T09:31:37.441Z","line":10,"name":"Admin searches user and modify details successfully","description":"","id":"test-ohrm-user-functionality;admin-searches-user-and-modify-details-successfully","type":"scenario","keyword":"Scenario","steps":[{"result":{"duration":35240164300,"status":"passed"},"line":11,"name":"admin is on the user management page","match":{"location":"Admin.StepDefination.admin_is_on_the_user_management_page()"},"keyword":"Given "},{"result":{"duration":6842237200,"status":"passed"},"line":12,"name":"admin enters username and click search","match":{"location":"Admin.StepDefination.admin_enters_username_and_click_search()"},"keyword":"When "},{"result":{"duration":3970155900,"status":"passed"},"line":13,"name":"admin clicks on reset","match":{"location":"Admin.StepDefination.admin_clicks_on_reset()"},"keyword":"Then "},{"result":{"duration":3172712100,"status":"passed"},"line":14,"name":"user click on add button","match":{"location":"Admin.StepDefination.user_click_on_add_button()"},"keyword":"When "},{"result":{"duration":8361006300,"status":"passed"},"line":15,"name":"Enters Employee details","match":{"location":"Admin.StepDefination.enters_employee_details()"},"keyword":"And "},{"result":{"duration":2098337900,"status":"passed"},"line":16,"name":"Click on save button","match":{"location":"Admin.StepDefination.click_on_save_button()"},"keyword":"Then "},{"result":{"error_message":"org.openqa.selenium.NoSuchElementException: no such element: Unable to locate element: {\"method\":\"css selector\",\"selector\":\"div.box.noHeader:nth-child(1) div.inner table.table.hover tbody:nth-child(2) tr.odd td.left:nth-child(2) > a:nth-child(1)\"}\n  (Session info: chrome=102.0.5005.63)\nFor documentation on this error, please visit: https://selenium.dev/exceptions/#no_such_element\nBuild info: version: '4.1.4', revision: '535d840ee2'\nSystem info: host: 'INLEN8520068776', ip: '192.168.1.100', os.name: 'Windows 10', os.arch: 'amd64', os.version: '10.0', java.version: '11.0.12'\nDriver info: org.openqa.selenium.chrome.ChromeDriver\nCommand: [9d49b4050cdd2799cb4477c7f3e410e8, findElement {using=css selector, value=div.box.noHeader:nth-child(1) div.inner table.table.hover tbody:nth-child(2) tr.odd td.left:nth-child(2) > a:nth-child(1)}]\nCapabilities {acceptInsecureCerts: false, browserName: chrome, browserVersion: 102.0.5005.63, chrome: {chromedriverVersion: 101.0.4951.41 (93c720db8323..., userDataDir: C:\\Users\\RASACHIN\\AppData\\L...}, goog:chromeOptions: {debuggerAddress: localhost:55579}, javascriptEnabled: true, networkConnectionEnabled: false, pageLoadStrategy: normal, platform: WINDOWS, platformName: WINDOWS, proxy: Proxy(), se:cdp: ws://localhost:55579/devtoo..., se:cdpVersion: 102.0.5005.63, setWindowRect: true, strictFileInteractability: false, timeouts: {implicit: 0, pageLoad: 300000, script: 30000}, unhandledPromptBehavior: dismiss and notify, webauthn:extension:credBlob: true, webauthn:extension:largeBlob: true, webauthn:virtualAuthenticators: true}\nSession ID: 9d49b4050cdd2799cb4477c7f3e410e8\r\n\tat java.base/jdk.internal.reflect.NativeConstructorAccessorImpl.newInstance0(Native Method)\r\n\tat java.base/jdk.internal.reflect.NativeConstructorAccessorImpl.newInstance(NativeConstructorAccessorImpl.java:62)\r\n\tat java.base/jdk.internal.reflect.DelegatingConstructorAccessorImpl.newInstance(DelegatingConstructorAccessorImpl.java:45)\r\n\tat java.base/java.lang.reflect.Constructor.newInstance(Constructor.java:490)\r\n\tat org.openqa.selenium.remote.codec.w3c.W3CHttpResponseCodec.createException(W3CHttpResponseCodec.java:200)\r\n\tat org.openqa.selenium.remote.codec.w3c.W3CHttpResponseCodec.decode(W3CHttpResponseCodec.java:133)\r\n\tat org.openqa.selenium.remote.codec.w3c.W3CHttpResponseCodec.decode(W3CHttpResponseCodec.java:53)\r\n\tat org.openqa.selenium.remote.HttpCommandExecutor.execute(HttpCommandExecutor.java:184)\r\n\tat org.openqa.selenium.remote.service.DriverCommandExecutor.invokeExecute(DriverCommandExecutor.java:167)\r\n\tat org.openqa.selenium.remote.service.DriverCommandExecutor.execute(DriverCommandExecutor.java:142)\r\n\tat org.openqa.selenium.remote.RemoteWebDriver.execute(RemoteWebDriver.java:567)\r\n\tat org.openqa.selenium.remote.ElementLocation$ElementFinder$2.findElement(ElementLocation.java:162)\r\n\tat org.openqa.selenium.remote.ElementLocation.findElement(ElementLocation.java:60)\r\n\tat org.openqa.selenium.remote.RemoteWebDriver.findElement(RemoteWebDriver.java:385)\r\n\tat org.openqa.selenium.remote.RemoteWebDriver.findElement(RemoteWebDriver.java:377)\r\n\tat Admin.StepDefination.admin_is_on_edit_user_page(StepDefination.java:113)\r\n\tat ✽.admin is on edit user page(file:///C:/Users/RASACHIN/Desktop/CucumberSprint2/OHRM/src/test/resources/Features/User.feature:17)\r\n","duration":28185500,"status":"failed"},"line":17,"name":"admin is on edit user page","match":{"location":"Admin.StepDefination.admin_is_on_edit_user_page()"},"keyword":"Given "},{"result":{"status":"skipped"},"line":18,"name":"admin edits users information","match":{"location":"Admin.StepDefination.admin_edits_users_information()"},"keyword":"When "},{"result":{"status":"skipped"},"line":19,"name":"user click on save","match":{"location":"Admin.StepDefination.user_click_on_save()"},"keyword":"Then "},{"result":{"status":"skipped"},"line":20,"name":"admin selects a user to be deleted","match":{"location":"Admin.StepDefination.admin_selects_a_user_to_be_deleted()"},"keyword":"When "},{"result":{"status":"skipped"},"line":21,"name":"click delete","match":{"location":"Admin.StepDefination.click_delete()"},"keyword":"Then "}]},{"start_timestamp":"2022-06-10T09:32:37.177Z","line":23,"name":"admin should click on job`","description":"","id":"test-ohrm-user-functionality;admin-should-click-on-job`","type":"scenario","keyword":"Scenario","steps":[{"result":{"duration":21931061000,"status":"passed"},"line":24,"name":"admin is on job page","match":{"location":"Admin.StepDefination.admin_is_on_job_page()"},"keyword":"Given "},{"result":{"duration":3002598300,"status":"passed"},"line":25,"name":"admin is on job title page","match":{"location":"Admin.StepDefination.admin_is_on_job_title_page()"},"keyword":"When "},{"result":{"duration":9140108000,"status":"passed"},"line":26,"name":"user is able to add the job title","match":{"location":"Admin.StepDefination.user_is_able_to_add_the_job_title()"},"keyword":"Then "},{"result":{"duration":8431291800,"status":"passed"},"line":27,"name":"user should able to delete the job","match":{"location":"Admin.StepDefination.user_should_able_to_delete_the_job()"},"keyword":"And "},{"result":{"duration":15605321500,"status":"passed"},"line":28,"name":"user is able to edit the job details","match":{"location":"Admin.StepDefination.user_is_able_to_edit_the_job_details()"},"keyword":"Then "}]},{"start_timestamp":"2022-06-10T09:33:35.297Z","line":30,"name":"admin can update the my info page","description":"","id":"test-ohrm-user-functionality;admin-can-update-the-my-info-page","type":"scenario","keyword":"Scenario","steps":[{"result":{"duration":15169883200,"status":"passed"},"line":31,"name":"Admin is on personal details page","match":{"location":"Admin.StepDefination.admin_is_on_personal_details_page()"},"keyword":"Given "},{"result":{"duration":2094837700,"status":"passed"},"line":32,"name":"admin click on edit button","match":{"location":"Admin.StepDefination.admin_click_on_edit_button()"},"keyword":"When "},{"result":{"duration":8235372200,"status":"passed"},"line":33,"name":"edit user details","match":{"location":"Admin.StepDefination.edit_user_details()"},"keyword":"And "},{"result":{"duration":4253198600,"status":"passed"},"line":34,"name":"click Save","match":{"location":"Admin.StepDefination.click_save()"},"keyword":"Then "},{"result":{"duration":7076300,"status":"passed"},"line":35,"name":"admin is on custom feild","match":{"location":"Admin.StepDefination.admin_is_on_custom_feild()"},"keyword":"Given "},{"result":{"duration":2067173400,"status":"passed"},"line":36,"name":"admin click edit","match":{"location":"Admin.StepDefination.admin_click_edit()"},"keyword":"When "},{"result":{"duration":2105693200,"status":"passed"},"line":37,"name":"choose blood groop, vaccination details","match":{"location":"Admin.StepDefination.choose_blood_groop_vaccination_details()"},"keyword":"And "},{"result":{"duration":5185594900,"status":"passed"},"line":38,"name":"admin Click On Save","match":{"location":"Admin.StepDefination.admin_click_on_save()"},"keyword":"Then "},{"result":{"error_message":"org.openqa.selenium.NoSuchElementException: no such element: Unable to locate element: {\"method\":\"css selector\",\"selector\":\"#chkattdel\\[\\]\"}\n  (Session info: chrome=102.0.5005.63)\nFor documentation on this error, please visit: https://selenium.dev/exceptions/#no_such_element\nBuild info: version: '4.1.4', revision: '535d840ee2'\nSystem info: host: 'INLEN8520068776', ip: '192.168.1.100', os.name: 'Windows 10', os.arch: 'amd64', os.version: '10.0', java.version: '11.0.12'\nDriver info: org.openqa.selenium.chrome.ChromeDriver\nCommand: [8ce2c9387bf49dabb6ad8f2ec80d40fa, findElement {using=id, value=chkattdel[]}]\nCapabilities {acceptInsecureCerts: false, browserName: chrome, browserVersion: 102.0.5005.63, chrome: {chromedriverVersion: 101.0.4951.41 (93c720db8323..., userDataDir: C:\\Users\\RASACHIN\\AppData\\L...}, goog:chromeOptions: {debuggerAddress: localhost:55721}, javascriptEnabled: true, networkConnectionEnabled: false, pageLoadStrategy: normal, platform: WINDOWS, platformName: WINDOWS, proxy: Proxy(), se:cdp: ws://localhost:55721/devtoo..., se:cdpVersion: 102.0.5005.63, setWindowRect: true, strictFileInteractability: false, timeouts: {implicit: 0, pageLoad: 300000, script: 30000}, unhandledPromptBehavior: dismiss and notify, webauthn:extension:credBlob: true, webauthn:extension:largeBlob: true, webauthn:virtualAuthenticators: true}\nSession ID: 8ce2c9387bf49dabb6ad8f2ec80d40fa\r\n\tat java.base/jdk.internal.reflect.NativeConstructorAccessorImpl.newInstance0(Native Method)\r\n\tat java.base/jdk.internal.reflect.NativeConstructorAccessorImpl.newInstance(NativeConstructorAccessorImpl.java:62)\r\n\tat java.base/jdk.internal.reflect.DelegatingConstructorAccessorImpl.newInstance(DelegatingConstructorAccessorImpl.java:45)\r\n\tat java.base/java.lang.reflect.Constructor.newInstance(Constructor.java:490)\r\n\tat org.openqa.selenium.remote.codec.w3c.W3CHttpResponseCodec.createException(W3CHttpResponseCodec.java:200)\r\n\tat org.openqa.selenium.remote.codec.w3c.W3CHttpResponseCodec.decode(W3CHttpResponseCodec.java:133)\r\n\tat org.openqa.selenium.remote.codec.w3c.W3CHttpResponseCodec.decode(W3CHttpResponseCodec.java:53)\r\n\tat org.openqa.selenium.remote.HttpCommandExecutor.execute(HttpCommandExecutor.java:184)\r\n\tat org.openqa.selenium.remote.service.DriverCommandExecutor.invokeExecute(DriverCommandExecutor.java:167)\r\n\tat org.openqa.selenium.remote.service.DriverCommandExecutor.execute(DriverCommandExecutor.java:142)\r\n\tat org.openqa.selenium.remote.RemoteWebDriver.execute(RemoteWebDriver.java:567)\r\n\tat org.openqa.selenium.remote.ElementLocation$ElementFinder$2.findElement(ElementLocation.java:162)\r\n\tat org.openqa.selenium.remote.ElementLocation.findElement(ElementLocation.java:60)\r\n\tat org.openqa.selenium.remote.RemoteWebDriver.findElement(RemoteWebDriver.java:385)\r\n\tat org.openqa.selenium.remote.RemoteWebDriver.findElement(RemoteWebDriver.java:377)\r\n\tat Admin.StepDefination.admin_select_file(StepDefination.java:287)\r\n\tat ✽.admin select file(file:///C:/Users/RASACHIN/Desktop/CucumberSprint2/OHRM/src/test/resources/Features/User.feature:39)\r\n","duration":10453100,"status":"failed"},"line":39,"name":"admin select file","match":{"location":"Admin.StepDefination.admin_select_file()"},"keyword":"When "},{"result":{"status":"skipped"},"line":40,"name":"click delete button","match":{"location":"Admin.StepDefination.click_delete_button()"},"keyword":"Then "}]}],"name":"test OHRM user functionality","description":"","id":"test-ohrm-user-functionality","keyword":"Feature","uri":"file:src/test/resources/Features/User.feature","tags":[]}]